<?xml version="1.0" encoding="UTF-8"?>
<!-- Generated by org.testng.reporters.JUnitXMLReporter -->
<testsuite ignored="0" hostname="DESKTOP-NL73JDH" failures="0" tests="3" name="Default test" time="32.118" errors="0" timestamp="2022-11-19T13:59:25 CST">
  <testcase classname="testng.PriorityTest" name="openingAmazonSite" time="10.012"/>
  <testcase classname="testng.PriorityTest" name="openingCNBCSite" time="8.592"/>
  <testcase classname="testng.PriorityTest" name="openingYahooSite" time="13.414"/>
</testsuite> <!-- Default test -->
