<?xml version="1.0" encoding="UTF-8"?>
<testng-results ignored="0" total="3" passed="3" failed="0" skipped="0">
  <reporter-output>
  </reporter-output>
  <suite started-at="2022-11-19T13:58:53 CST" name="Default suite" finished-at="2022-11-19T13:59:25 CST" duration-ms="32118">
    <groups>
    </groups>
    <test started-at="2022-11-19T13:58:53 CST" name="Default test" finished-at="2022-11-19T13:59:25 CST" duration-ms="32118">
      <class name="testng.PriorityTest">
        <test-method signature="openingAmazonSite()[pri:1, instance:testng.PriorityTest@7671cb68]" started-at="2022-11-19T13:58:53 CST" name="openingAmazonSite" finished-at="2022-11-19T13:59:03 CST" duration-ms="10012" status="PASS">
          <reporter-output>
          </reporter-output>
        </test-method> <!-- openingAmazonSite -->
        <test-method signature="openingCNBCSite()[pri:2, instance:testng.PriorityTest@7671cb68]" started-at="2022-11-19T13:59:03 CST" name="openingCNBCSite" finished-at="2022-11-19T13:59:11 CST" duration-ms="8592" status="PASS">
          <reporter-output>
          </reporter-output>
        </test-method> <!-- openingCNBCSite -->
        <test-method signature="openingYahooSite()[pri:3, instance:testng.PriorityTest@7671cb68]" started-at="2022-11-19T13:59:11 CST" name="openingYahooSite" finished-at="2022-11-19T13:59:25 CST" duration-ms="13414" status="PASS">
          <reporter-output>
          </reporter-output>
        </test-method> <!-- openingYahooSite -->
      </class> <!-- testng.PriorityTest -->
    </test> <!-- Default test -->
  </suite> <!-- Default suite -->
</testng-results>
